<?xml version="1.0" encoding="UTF-8"?>
<!-- Generated by org.testng.reporters.JUnitReportReporter -->
<testsuite hostname="DESKTOP-R72PV3H" failures="0" tests="9" name="com.runner.Amazon1" time="124.935" errors="0" timestamp="2024-05-31T10:08:35 IST" skipped="0">
  <testcase classname="com.runner.Amazon1" name="inValidEmailId" time="4.767"/>
  <system-out/>
  <testcase classname="com.runner.Amazon1" name="validEmailIdAndInvalidPassword" time="19.077"/>
  <system-out/>
  <testcase classname="com.runner.Amazon1" name="emailIdWithEmptyText" time="2.595"/>
  <system-out/>
  <testcase classname="com.runner.Amazon1" name="validEmailIdWithEmptyPassword" time="3.700"/>
  <system-out/>
  <testcase classname="com.runner.Amazon1" name="validLoginTest" time="13.818"/>
  <system-out/>
  <testcase classname="com.runner.Amazon1" name="searchProduct" time="16.184"/>
  <system-out/>
  <testcase classname="com.runner.Amazon1" name="searchProduct2" time="12.241"/>
  <system-out/>
  <testcase classname="com.runner.Amazon1" name="searchProduct3" time="14.860"/>
  <system-out/>
  <testcase classname="com.runner.Amazon1" name="makePayment" time="37.693"/>
  <system-out/>
</testsuite> <!-- com.runner.Amazon1 -->
